  자료구조 10주차 스택 1번.c
C:\Users\user\Desktop\programming_PROJECTS\git-SJU-Subject\SJU-Subject\자료구조 10주차_\자료구조 10주차_\자료구조 10주차 스택 1번.c(94): warning C4013: 'gets'이(가) 정의되지 않았습니다. extern은 int형을 반환하는 것으로 간주합니다.
C:\Users\user\Desktop\programming_PROJECTS\git-SJU-Subject\SJU-Subject\자료구조 10주차_\자료구조 10주차_\자료구조 10주차 스택 1번.c(83): warning C4101: 'cp' :참조되지 않은 지역 변수입니다.
C:\Users\user\Desktop\programming_PROJECTS\git-SJU-Subject\SJU-Subject\자료구조 10주차_\자료구조 10주차_\자료구조 10주차 스택 1번.c(85): warning C4101: 'formula_length' :참조되지 않은 지역 변수입니다.
C:\Users\user\Desktop\programming_PROJECTS\git-SJU-Subject\SJU-Subject\자료구조 10주차_\자료구조 10주차_\자료구조 10주차 스택 1번.c(84): warning C4101: 'j' :참조되지 않은 지역 변수입니다.
C:\Users\user\Desktop\programming_PROJECTS\git-SJU-Subject\SJU-Subject\자료구조 10주차_\자료구조 10주차_\자료구조 10주차 스택 1번.c(86): warning C4101: 'readed_character' :참조되지 않은 지역 변수입니다.
C:\Users\user\Desktop\programming_PROJECTS\git-SJU-Subject\SJU-Subject\자료구조 10주차_\자료구조 10주차_\자료구조 10주차 스택 1번.c(118): warning C4033: 'makePostfix'은(는) 값을 반환해야 합니다.
C:\Users\user\Desktop\programming_PROJECTS\git-SJU-Subject\SJU-Subject\자료구조 10주차_\자료구조 10주차_\자료구조 10주차 스택 1번.c(128): warning C4047: 'return': 'char *'의 간접 참조 수준이 'int'과(와) 다릅니다.
C:\Users\user\Desktop\programming_PROJECTS\git-SJU-Subject\SJU-Subject\자료구조 10주차_\자료구조 10주차_\자료구조 10주차 스택 1번.c(226): warning C4033: 'callStringFromChar_andIndexControl'은(는) 값을 반환해야 합니다.
C:\Users\user\Desktop\programming_PROJECTS\git-SJU-Subject\SJU-Subject\자료구조 10주차_\자료구조 10주차_\자료구조 10주차 스택 1번.c(247): warning C4033: 'callStringFromChar'은(는) 값을 반환해야 합니다.
C:\Users\user\Desktop\programming_PROJECTS\git-SJU-Subject\SJU-Subject\자료구조 10주차_\자료구조 10주차_\자료구조 10주차 스택 1번.c(262): warning C4101: 'k' :참조되지 않은 지역 변수입니다.
C:\Users\user\Desktop\programming_PROJECTS\git-SJU-Subject\SJU-Subject\자료구조 10주차_\자료구조 10주차_\자료구조 10주차 스택 1번.c(262): warning C4101: 'j' :참조되지 않은 지역 변수입니다.
C:\Users\user\Desktop\programming_PROJECTS\git-SJU-Subject\SJU-Subject\자료구조 10주차_\자료구조 10주차_\자료구조 10주차 스택 1번.c(409): warning C4033: 'doOperator'은(는) 값을 반환해야 합니다.
C:\Users\user\Desktop\programming_PROJECTS\git-SJU-Subject\SJU-Subject\자료구조 10주차_\자료구조 10주차_\자료구조 10주차 스택 1번.c(440): warning C4033: '__init__'은(는) 값을 반환해야 합니다.
C:\Users\user\Desktop\programming_PROJECTS\git-SJU-Subject\SJU-Subject\자료구조 10주차_\자료구조 10주차_\자료구조 10주차 스택 1번.c(446): warning C4033: '__init__'은(는) 값을 반환해야 합니다.
C:\Users\user\Desktop\programming_PROJECTS\git-SJU-Subject\SJU-Subject\자료구조 10주차_\자료구조 10주차_\자료구조 10주차 스택 1번.c(452): warning C4033: '__init__'은(는) 값을 반환해야 합니다.
C:\Users\user\Desktop\programming_PROJECTS\git-SJU-Subject\SJU-Subject\자료구조 10주차_\자료구조 10주차_\자료구조 10주차 스택 1번.c(489): warning C4033: 'pop'은(는) 값을 반환해야 합니다.
C:\Users\user\Desktop\programming_PROJECTS\git-SJU-Subject\SJU-Subject\자료구조 10주차_\자료구조 10주차_\자료구조 10주차 스택 1번.c(516): warning C4033: 'getnode'은(는) 값을 반환해야 합니다.
C:\Users\user\Desktop\programming_PROJECTS\git-SJU-Subject\SJU-Subject\자료구조 10주차_\자료구조 10주차_\자료구조 10주차 스택 1번.c(201): warning C4715: 'makePostfix': 모든 제어 경로에서 값을 반환하지는 않습니다.
C:\Users\user\Desktop\programming_PROJECTS\git-SJU-Subject\SJU-Subject\자료구조 10주차_\자료구조 10주차_\자료구조 10주차 스택 1번.c(241): warning C4715: 'callStringFromChar_andIndexControl': 모든 제어 경로에서 값을 반환하지는 않습니다.
C:\Users\user\Desktop\programming_PROJECTS\git-SJU-Subject\SJU-Subject\자료구조 10주차_\자료구조 10주차_\자료구조 10주차 스택 1번.c(321): warning C4715: 'isBinary': 모든 제어 경로에서 값을 반환하지는 않습니다.
C:\Users\user\Desktop\programming_PROJECTS\git-SJU-Subject\SJU-Subject\자료구조 10주차_\자료구조 10주차_\자료구조 10주차 스택 1번.c(259): warning C4715: 'callStringFromChar': 모든 제어 경로에서 값을 반환하지는 않습니다.
C:\Users\user\Desktop\programming_PROJECTS\git-SJU-Subject\SJU-Subject\자료구조 10주차_\자료구조 10주차_\자료구조 10주차 스택 1번.c(282): warning C4715: 'callParrValueFromString': 모든 제어 경로에서 값을 반환하지는 않습니다.
C:\Users\user\Desktop\programming_PROJECTS\git-SJU-Subject\SJU-Subject\자료구조 10주차_\자료구조 10주차_\자료구조 10주차 스택 1번.c(412): warning C4715: 'doOperator': 모든 제어 경로에서 값을 반환하지는 않습니다.
C:\Users\user\Desktop\programming_PROJECTS\git-SJU-Subject\SJU-Subject\자료구조 10주차_\자료구조 10주차_\자료구조 10주차 스택 1번.c(469): warning C4715: '__init__': 모든 제어 경로에서 값을 반환하지는 않습니다.
C:\Users\user\Desktop\programming_PROJECTS\git-SJU-Subject\SJU-Subject\자료구조 10주차_\자료구조 10주차_\자료구조 10주차 스택 1번.c(499): warning C4715: 'pop': 모든 제어 경로에서 값을 반환하지는 않습니다.
C:\Users\user\Desktop\programming_PROJECTS\git-SJU-Subject\SJU-Subject\자료구조 10주차_\자료구조 10주차_\자료구조 10주차 스택 1번.c(521): warning C4715: 'getnode': 모든 제어 경로에서 값을 반환하지는 않습니다.
  자료구조 10주차_.vcxproj -> C:\Users\user\Desktop\programming_PROJECTS\git-SJU-Subject\SJU-Subject\자료구조 10주차_\Debug\자료구조 10주차_.exe
