  1번.c
C:\Users\user\Desktop\programming_PROJECTS\git-SJU-Subject\SJU-Subject\2-2Algorithm\7주차 탐색트리\7주차 탐색트리\1번.c(180,29): warning C4033:  'get_node'은(는) 값을 반환해야 합니다.
C:\Users\user\Desktop\programming_PROJECTS\git-SJU-Subject\SJU-Subject\2-2Algorithm\7주차 탐색트리\7주차 탐색트리\1번.c(214,29): warning C4033:  'get_doubleLinkedList'은(는) 값을 반환해야 합니다.
C:\Users\user\Desktop\programming_PROJECTS\git-SJU-Subject\SJU-Subject\2-2Algorithm\7주차 탐색트리\7주차 탐색트리\1번.c(294,29): warning C4033:  'get_doubleLinkedList_stack'은(는) 값을 반환해야 합니다.
C:\Users\user\Desktop\programming_PROJECTS\git-SJU-Subject\SJU-Subject\2-2Algorithm\7주차 탐색트리\7주차 탐색트리\1번.c(329,9): warning C4033:  'pop_doubleLinkedList_stack'은(는) 값을 반환해야 합니다.
C:\Users\user\Desktop\programming_PROJECTS\git-SJU-Subject\SJU-Subject\2-2Algorithm\7주차 탐색트리\7주차 탐색트리\1번.c(365,30): warning C4033:  'get_doubleLinkedList_queue'은(는) 값을 반환해야 합니다.
C:\Users\user\Desktop\programming_PROJECTS\git-SJU-Subject\SJU-Subject\2-2Algorithm\7주차 탐색트리\7주차 탐색트리\1번.c(400,9): warning C4033:  'dequeue_doubleLinkedList_queue'은(는) 값을 반환해야 합니다.
C:\Users\user\Desktop\programming_PROJECTS\git-SJU-Subject\SJU-Subject\2-2Algorithm\7주차 탐색트리\7주차 탐색트리\1번.c(426,30): warning C4033:  'get_doubleLinkedList_prioritiyQueue'은(는) 값을 반환해야 합니다.
C:\Users\user\Desktop\programming_PROJECTS\git-SJU-Subject\SJU-Subject\2-2Algorithm\7주차 탐색트리\7주차 탐색트리\1번.c(590,9): warning C4033:  'dequeue_doubleLinkdedList_priorityQueue'은(는) 값을 반환해야 합니다.
C:\Users\user\Desktop\programming_PROJECTS\git-SJU-Subject\SJU-Subject\2-2Algorithm\7주차 탐색트리\7주차 탐색트리\1번.c(624,8): warning C4033:  'dequeue_doubleLinkdedList_priorityQueue'은(는) 값을 반환해야 합니다.
C:\Users\user\Desktop\programming_PROJECTS\git-SJU-Subject\SJU-Subject\2-2Algorithm\7주차 탐색트리\7주차 탐색트리\1번.c(656,32): warning C4013:  'isRoot_treenode_binarytree'이(가) 정의되지 않았습니다. extern은 int형을 반환하는 것으로 간주합니다.
C:\Users\user\Desktop\programming_PROJECTS\git-SJU-Subject\SJU-Subject\2-2Algorithm\7주차 탐색트리\7주차 탐색트리\1번.c(656,46): warning C4033:  'sibling_treenode_binarytree'은(는) 값을 반환해야 합니다.
C:\Users\user\Desktop\programming_PROJECTS\git-SJU-Subject\SJU-Subject\2-2Algorithm\7주차 탐색트리\7주차 탐색트리\1번.c(671,8): warning C4033:  'sibling_treenode_binarytree'은(는) 값을 반환해야 합니다.
C:\Users\user\Desktop\programming_PROJECTS\git-SJU-Subject\SJU-Subject\2-2Algorithm\7주차 탐색트리\7주차 탐색트리\1번.c(690,29): warning C4033:  'get_treenode_binarytree'은(는) 값을 반환해야 합니다.
C:\Users\user\Desktop\programming_PROJECTS\git-SJU-Subject\SJU-Subject\2-2Algorithm\7주차 탐색트리\7주차 탐색트리\1번.c(733,29): warning C4033:  'get_binarytree'은(는) 값을 반환해야 합니다.
C:\Users\user\Desktop\programming_PROJECTS\git-SJU-Subject\SJU-Subject\2-2Algorithm\7주차 탐색트리\7주차 탐색트리\1번.c(939,29): warning C4033:  'get_array_tree'은(는) 값을 반환해야 합니다.
C:\Users\user\Desktop\programming_PROJECTS\git-SJU-Subject\SJU-Subject\2-2Algorithm\7주차 탐색트리\7주차 탐색트리\1번.c(944,43): warning C4033:  'get_array_tree'은(는) 값을 반환해야 합니다.
C:\Users\user\Desktop\programming_PROJECTS\git-SJU-Subject\SJU-Subject\2-2Algorithm\7주차 탐색트리\7주차 탐색트리\1번.c(1129,9): warning C4033:  'insertItem_treenode_binarytree_heap'은(는) 값을 반환해야 합니다.
C:\Users\user\Desktop\programming_PROJECTS\git-SJU-Subject\SJU-Subject\2-2Algorithm\7주차 탐색트리\7주차 탐색트리\1번.c(1148,10): warning C4033:  'downHeap_treenode_binarytree_heap'은(는) 값을 반환해야 합니다.
C:\Users\user\Desktop\programming_PROJECTS\git-SJU-Subject\SJU-Subject\2-2Algorithm\7주차 탐색트리\7주차 탐색트리\1번.c(1160,10): warning C4033:  'downHeap_treenode_binarytree_heap'은(는) 값을 반환해야 합니다.
C:\Users\user\Desktop\programming_PROJECTS\git-SJU-Subject\SJU-Subject\2-2Algorithm\7주차 탐색트리\7주차 탐색트리\1번.c(1176,8): warning C4033:  'downHeap_treenode_binarytree_heap'은(는) 값을 반환해야 합니다.
C:\Users\user\Desktop\programming_PROJECTS\git-SJU-Subject\SJU-Subject\2-2Algorithm\7주차 탐색트리\7주차 탐색트리\1번.c(1314,43): warning C4133:  '함수': 'tree_array *'과(와) 'element *' 사이의 형식이 호환되지 않습니다.
C:\Users\user\Desktop\programming_PROJECTS\git-SJU-Subject\SJU-Subject\2-2Algorithm\7주차 탐색트리\7주차 탐색트리\1번.c(1336,42): warning C4047:  '함수': 'int'의 간접 참조 수준이 'element *'과(와) 다릅니다.
C:\Users\user\Desktop\programming_PROJECTS\git-SJU-Subject\SJU-Subject\2-2Algorithm\7주차 탐색트리\7주차 탐색트리\1번.c(1336,42): warning C4024:  'isRoot_array_tree': 형식 및 실제 매개 변수 1의 형식이 서로 다릅니다.
C:\Users\user\Desktop\programming_PROJECTS\git-SJU-Subject\SJU-Subject\2-2Algorithm\7주차 탐색트리\7주차 탐색트리\1번.c(1408,59): warning C4033:  'reduceExternal_treenode_binarySearchtree'은(는) 값을 반환해야 합니다.
C:\Users\user\Desktop\programming_PROJECTS\git-SJU-Subject\SJU-Subject\2-2Algorithm\7주차 탐색트리\7주차 탐색트리\1번.c(1410,62): warning C4033:  'reduceExternal_treenode_binarySearchtree'은(는) 값을 반환해야 합니다.
C:\Users\user\Desktop\programming_PROJECTS\git-SJU-Subject\SJU-Subject\2-2Algorithm\7주차 탐색트리\7주차 탐색트리\1번.c(1499,9): warning C4033:  'removeElement_treenode_binarySearchtree'은(는) 값을 반환해야 합니다.
C:\Users\user\Desktop\programming_PROJECTS\git-SJU-Subject\SJU-Subject\2-2Algorithm\7주차 탐색트리\7주차 탐색트리\1번.c(1541,12): warning C4101:  'node' :참조되지 않은 지역 변수입니다.
C:\Users\user\Desktop\programming_PROJECTS\git-SJU-Subject\SJU-Subject\2-2Algorithm\7주차 탐색트리\7주차 탐색트리\1번.c(1541,12): warning C4101: C:\Users\user\Desktop\programming_PROJECTS\git-SJU-Subject\SJU-Subject\2-2Algorithm\7주차 탐색트리\7주차 탐색트리\1번.c(187) : warning C4715: 'get_node': 모든 제어 경로에서 값을 반환하지는 않습니다.
C:\Users\user\Desktop\programming_PROJECTS\git-SJU-Subject\SJU-Subject\2-2Algorithm\7주차 탐색트리\7주차 탐색트리\1번.c(1541,12): warning C4101: C:\Users\user\Desktop\programming_PROJECTS\git-SJU-Subject\SJU-Subject\2-2Algorithm\7주차 탐색트리\7주차 탐색트리\1번.c(226) : warning C4715: 'get_doubleLinkedList': 모든 제어 경로에서 값을 반환하지는 않습니다.
C:\Users\user\Desktop\programming_PROJECTS\git-SJU-Subject\SJU-Subject\2-2Algorithm\7주차 탐색트리\7주차 탐색트리\1번.c(1541,12): warning C4101: C:\Users\user\Desktop\programming_PROJECTS\git-SJU-Subject\SJU-Subject\2-2Algorithm\7주차 탐색트리\7주차 탐색트리\1번.c(371) : warning C4716: 'get_doubleLinkedList_queue': 값을 반환해야 합니다.
C:\Users\user\Desktop\programming_PROJECTS\git-SJU-Subject\SJU-Subject\2-2Algorithm\7주차 탐색트리\7주차 탐색트리\1번.c(1541,12): warning C4101: C:\Users\user\Desktop\programming_PROJECTS\git-SJU-Subject\SJU-Subject\2-2Algorithm\7주차 탐색트리\7주차 탐색트리\1번.c(300) : warning C4715: 'get_doubleLinkedList_stack': 모든 제어 경로에서 값을 반환하지는 않습니다.
C:\Users\user\Desktop\programming_PROJECTS\git-SJU-Subject\SJU-Subject\2-2Algorithm\7주차 탐색트리\7주차 탐색트리\1번.c(1541,12): warning C4101: C:\Users\user\Desktop\programming_PROJECTS\git-SJU-Subject\SJU-Subject\2-2Algorithm\7주차 탐색트리\7주차 탐색트리\1번.c(349) : warning C4715: 'pop_doubleLinkedList_stack': 모든 제어 경로에서 값을 반환하지는 않습니다.
C:\Users\user\Desktop\programming_PROJECTS\git-SJU-Subject\SJU-Subject\2-2Algorithm\7주차 탐색트리\7주차 탐색트리\1번.c(1541,12): warning C4101: C:\Users\user\Desktop\programming_PROJECTS\git-SJU-Subject\SJU-Subject\2-2Algorithm\7주차 탐색트리\7주차 탐색트리\1번.c(408) : warning C4715: 'dequeue_doubleLinkedList_queue': 모든 제어 경로에서 값을 반환하지는 않습니다.
C:\Users\user\Desktop\programming_PROJECTS\git-SJU-Subject\SJU-Subject\2-2Algorithm\7주차 탐색트리\7주차 탐색트리\1번.c(1541,12): warning C4101: C:\Users\user\Desktop\programming_PROJECTS\git-SJU-Subject\SJU-Subject\2-2Algorithm\7주차 탐색트리\7주차 탐색트리\1번.c(442) : warning C4715: 'get_doubleLinkedList_prioritiyQueue': 모든 제어 경로에서 값을 반환하지는 않습니다.
C:\Users\user\Desktop\programming_PROJECTS\git-SJU-Subject\SJU-Subject\2-2Algorithm\7주차 탐색트리\7주차 탐색트리\1번.c(1541,12): warning C4101: C:\Users\user\Desktop\programming_PROJECTS\git-SJU-Subject\SJU-Subject\2-2Algorithm\7주차 탐색트리\7주차 탐색트리\1번.c(625) : warning C4715: 'dequeue_doubleLinkdedList_priorityQueue': 모든 제어 경로에서 값을 반환하지는 않습니다.
C:\Users\user\Desktop\programming_PROJECTS\git-SJU-Subject\SJU-Subject\2-2Algorithm\7주차 탐색트리\7주차 탐색트리\1번.c(1541,12): warning C4101: C:\Users\user\Desktop\programming_PROJECTS\git-SJU-Subject\SJU-Subject\2-2Algorithm\7주차 탐색트리\7주차 탐색트리\1번.c(672) : warning C4715: 'sibling_treenode_binarytree': 모든 제어 경로에서 값을 반환하지는 않습니다.
C:\Users\user\Desktop\programming_PROJECTS\git-SJU-Subject\SJU-Subject\2-2Algorithm\7주차 탐색트리\7주차 탐색트리\1번.c(1541,12): warning C4101: C:\Users\user\Desktop\programming_PROJECTS\git-SJU-Subject\SJU-Subject\2-2Algorithm\7주차 탐색트리\7주차 탐색트리\1번.c(704) : warning C4715: 'get_treenode_binarytree': 모든 제어 경로에서 값을 반환하지는 않습니다.
C:\Users\user\Desktop\programming_PROJECTS\git-SJU-Subject\SJU-Subject\2-2Algorithm\7주차 탐색트리\7주차 탐색트리\1번.c(1541,12): warning C4101: C:\Users\user\Desktop\programming_PROJECTS\git-SJU-Subject\SJU-Subject\2-2Algorithm\7주차 탐색트리\7주차 탐색트리\1번.c(745) : warning C4715: 'get_binarytree': 모든 제어 경로에서 값을 반환하지는 않습니다.
C:\Users\user\Desktop\programming_PROJECTS\git-SJU-Subject\SJU-Subject\2-2Algorithm\7주차 탐색트리\7주차 탐색트리\1번.c(1541,12): warning C4101: C:\Users\user\Desktop\programming_PROJECTS\git-SJU-Subject\SJU-Subject\2-2Algorithm\7주차 탐색트리\7주차 탐색트리\1번.c(954) : warning C4715: 'get_array_tree': 모든 제어 경로에서 값을 반환하지는 않습니다.
C:\Users\user\Desktop\programming_PROJECTS\git-SJU-Subject\SJU-Subject\2-2Algorithm\7주차 탐색트리\7주차 탐색트리\1번.c(1541,12): warning C4101: C:\Users\user\Desktop\programming_PROJECTS\git-SJU-Subject\SJU-Subject\2-2Algorithm\7주차 탐색트리\7주차 탐색트리\1번.c(1140) : warning C4715: 'insertItem_treenode_binarytree_heap': 모든 제어 경로에서 값을 반환하지는 않습니다.
C:\Users\user\Desktop\programming_PROJECTS\git-SJU-Subject\SJU-Subject\2-2Algorithm\7주차 탐색트리\7주차 탐색트리\1번.c(1541,12): warning C4101: C:\Users\user\Desktop\programming_PROJECTS\git-SJU-Subject\SJU-Subject\2-2Algorithm\7주차 탐색트리\7주차 탐색트리\1번.c(1178) : warning C4716: 'downHeap_treenode_binarytree_heap': 값을 반환해야 합니다.
C:\Users\user\Desktop\programming_PROJECTS\git-SJU-Subject\SJU-Subject\2-2Algorithm\7주차 탐색트리\7주차 탐색트리\1번.c(1541,12): warning C4101: C:\Users\user\Desktop\programming_PROJECTS\git-SJU-Subject\SJU-Subject\2-2Algorithm\7주차 탐색트리\7주차 탐색트리\1번.c(1437) : warning C4715: 'reduceExternal_treenode_binarySearchtree': 모든 제어 경로에서 값을 반환하지는 않습니다.
C:\Users\user\Desktop\programming_PROJECTS\git-SJU-Subject\SJU-Subject\2-2Algorithm\7주차 탐색트리\7주차 탐색트리\1번.c(1541,12): warning C4101: C:\Users\user\Desktop\programming_PROJECTS\git-SJU-Subject\SJU-Subject\2-2Algorithm\7주차 탐색트리\7주차 탐색트리\1번.c(1469) : warning C4715: 'findNode_treenode_binarySearchtree': 모든 제어 경로에서 값을 반환하지는 않습니다.
C:\Users\user\Desktop\programming_PROJECTS\git-SJU-Subject\SJU-Subject\2-2Algorithm\7주차 탐색트리\7주차 탐색트리\1번.c(1541,12): warning C4101: C:\Users\user\Desktop\programming_PROJECTS\git-SJU-Subject\SJU-Subject\2-2Algorithm\7주차 탐색트리\7주차 탐색트리\1번.c(1527) : warning C4715: 'removeElement_treenode_binarySearchtree': 모든 제어 경로에서 값을 반환하지는 않습니다.
  7주차 탐색트리.vcxproj -> C:\Users\user\Desktop\programming_PROJECTS\git-SJU-Subject\SJU-Subject\2-2Algorithm\7주차 탐색트리\Debug\7주차 탐색트리.exe
