  euler_testing.c
C:\Users\user\Desktop\programming_PROJECTS\git-SJU-Subject\SJU-Subject\자료구조 HW5\자료구조 HW5\euler_testing.c(149,9): warning C4033:  'tr_getNode_bylist'은(는) 값을 반환해야 합니다.
C:\Users\user\Desktop\programming_PROJECTS\git-SJU-Subject\SJU-Subject\자료구조 HW5\자료구조 HW5\euler_testing.c(169,9): warning C4033:  'tr_initRoot_byList'은(는) 값을 반환해야 합니다.
C:\Users\user\Desktop\programming_PROJECTS\git-SJU-Subject\SJU-Subject\자료구조 HW5\자료구조 HW5\euler_testing.c(178,22): warning C4553:  '==': 식의 결과가 사용되지 않습니다. '='을(를) 의도했습니까?
C:\Users\user\Desktop\programming_PROJECTS\git-SJU-Subject\SJU-Subject\자료구조 HW5\자료구조 HW5\euler_testing.c(195,9): warning C4033:  'tr_initBinaryList_byList'은(는) 값을 반환해야 합니다.
C:\Users\user\Desktop\programming_PROJECTS\git-SJU-Subject\SJU-Subject\자료구조 HW5\자료구조 HW5\euler_testing.c(259,29): warning C4013:  'tr_bi_isInternal_byList'이(가) 정의되지 않았습니다. extern은 int형을 반환하는 것으로 간주합니다.
C:\Users\user\Desktop\programming_PROJECTS\git-SJU-Subject\SJU-Subject\자료구조 HW5\자료구조 HW5\euler_testing.c(260,36): warning C4013:  'tr_bi_isLeftChildExist_byList'이(가) 정의되지 않았습니다. extern은 int형을 반환하는 것으로 간주합니다.
C:\Users\user\Desktop\programming_PROJECTS\git-SJU-Subject\SJU-Subject\자료구조 HW5\자료구조 HW5\euler_testing.c(261,37): warning C4013:  'tr_bi_isRightChildExist_byList'이(가) 정의되지 않았습니다. extern은 int형을 반환하는 것으로 간주합니다.
C:\Users\user\Desktop\programming_PROJECTS\git-SJU-Subject\SJU-Subject\자료구조 HW5\자료구조 HW5\euler_testing.c(295,34): warning C4013:  'tr_queue_isEmpty_byArray'이(가) 정의되지 않았습니다. extern은 int형을 반환하는 것으로 간주합니다.
C:\Users\user\Desktop\programming_PROJECTS\git-SJU-Subject\SJU-Subject\자료구조 HW5\자료구조 HW5\euler_testing.c(321,9): warning C4033:  'tr_queue_initQueue_byArray'은(는) 값을 반환해야 합니다.
C:\Users\user\Desktop\programming_PROJECTS\git-SJU-Subject\SJU-Subject\자료구조 HW5\자료구조 HW5\euler_testing.c(385,22): warning C4013:  'tr_isRoot_byList'이(가) 정의되지 않았습니다. extern은 int형을 반환하는 것으로 간주합니다.
C:\Users\user\Desktop\programming_PROJECTS\git-SJU-Subject\SJU-Subject\자료구조 HW5\자료구조 HW5\euler_testing.c(393,29): warning C4013:  'tr_bi_isExternal_byList'이(가) 정의되지 않았습니다. extern은 int형을 반환하는 것으로 간주합니다.
C:\Users\user\Desktop\programming_PROJECTS\git-SJU-Subject\SJU-Subject\자료구조 HW5\자료구조 HW5\euler_testing.c(397,25): warning C4101:  'tmp2' :참조되지 않은 지역 변수입니다.
C:\Users\user\Desktop\programming_PROJECTS\git-SJU-Subject\SJU-Subject\자료구조 HW5\자료구조 HW5\euler_testing.c(397,17): warning C4101:  'tmp1' :참조되지 않은 지역 변수입니다.
C:\Users\user\Desktop\programming_PROJECTS\git-SJU-Subject\SJU-Subject\자료구조 HW5\자료구조 HW5\euler_testing.c(484,28): warning C4033:  'tr_nextNodeByPreorder_byList'은(는) 값을 반환해야 합니다.
C:\Users\user\Desktop\programming_PROJECTS\git-SJU-Subject\SJU-Subject\자료구조 HW5\자료구조 HW5\euler_testing.c(504,29): warning C4033:  'tr_nextNodeByPreorder_byList'은(는) 값을 반환해야 합니다.
C:\Users\user\Desktop\programming_PROJECTS\git-SJU-Subject\SJU-Subject\자료구조 HW5\자료구조 HW5\euler_testing.c(672,9): warning C4033:  'print_tree_volume_submit2'은(는) 값을 반환해야 합니다.
C:\Users\user\Desktop\programming_PROJECTS\git-SJU-Subject\SJU-Subject\자료구조 HW5\자료구조 HW5\euler_testing.c(712,31): warning C4013:  'tr_bi_eulerTour_byList'이(가) 정의되지 않았습니다. extern은 int형을 반환하는 것으로 간주합니다.
C:\Users\user\Desktop\programming_PROJECTS\git-SJU-Subject\SJU-Subject\자료구조 HW5\자료구조 HW5\euler_testing.c(719,17): warning C4013:  'tr_bi_visitLeft'이(가) 정의되지 않았습니다. extern은 int형을 반환하는 것으로 간주합니다.
C:\Users\user\Desktop\programming_PROJECTS\git-SJU-Subject\SJU-Subject\자료구조 HW5\자료구조 HW5\euler_testing.c(724,18): warning C4013:  'tr_bi_visitBelow'이(가) 정의되지 않았습니다. extern은 int형을 반환하는 것으로 간주합니다.
C:\Users\user\Desktop\programming_PROJECTS\git-SJU-Subject\SJU-Subject\자료구조 HW5\자료구조 HW5\euler_testing.c(729,18): warning C4013:  'tr_bi_visitRight'이(가) 정의되지 않았습니다. extern은 int형을 반환하는 것으로 간주합니다.
C:\Users\user\Desktop\programming_PROJECTS\git-SJU-Subject\SJU-Subject\자료구조 HW5\자료구조 HW5\euler_testing.c(729,18): warning C4013: C:\Users\user\Desktop\programming_PROJECTS\git-SJU-Subject\SJU-Subject\자료구조 HW5\자료구조 HW5\euler_testing.c(160) : warning C4715: 'tr_getNode_bylist': 모든 제어 경로에서 값을 반환하지는 않습니다.
C:\Users\user\Desktop\programming_PROJECTS\git-SJU-Subject\SJU-Subject\자료구조 HW5\자료구조 HW5\euler_testing.c(729,18): warning C4013: C:\Users\user\Desktop\programming_PROJECTS\git-SJU-Subject\SJU-Subject\자료구조 HW5\자료구조 HW5\euler_testing.c(181) : warning C4715: 'tr_initRoot_byList': 모든 제어 경로에서 값을 반환하지는 않습니다.
C:\Users\user\Desktop\programming_PROJECTS\git-SJU-Subject\SJU-Subject\자료구조 HW5\자료구조 HW5\euler_testing.c(729,18): warning C4013: C:\Users\user\Desktop\programming_PROJECTS\git-SJU-Subject\SJU-Subject\자료구조 HW5\자료구조 HW5\euler_testing.c(202) : warning C4715: 'tr_initBinaryList_byList': 모든 제어 경로에서 값을 반환하지는 않습니다.
C:\Users\user\Desktop\programming_PROJECTS\git-SJU-Subject\SJU-Subject\자료구조 HW5\자료구조 HW5\euler_testing.c(729,18): warning C4013: C:\Users\user\Desktop\programming_PROJECTS\git-SJU-Subject\SJU-Subject\자료구조 HW5\자료구조 HW5\euler_testing.c(266) : warning C4716: 'tr_bi_binaryPostOrder_byList': 값을 반환해야 합니다.
C:\Users\user\Desktop\programming_PROJECTS\git-SJU-Subject\SJU-Subject\자료구조 HW5\자료구조 HW5\euler_testing.c(729,18): warning C4013: C:\Users\user\Desktop\programming_PROJECTS\git-SJU-Subject\SJU-Subject\자료구조 HW5\자료구조 HW5\euler_testing.c(313) : warning C4716: 'tr_bi_levelOrder_byList': 값을 반환해야 합니다.
C:\Users\user\Desktop\programming_PROJECTS\git-SJU-Subject\SJU-Subject\자료구조 HW5\자료구조 HW5\euler_testing.c(729,18): warning C4013: C:\Users\user\Desktop\programming_PROJECTS\git-SJU-Subject\SJU-Subject\자료구조 HW5\자료구조 HW5\euler_testing.c(285) : warning C4716: 'tr_bi_binaryInOrder_byList': 값을 반환해야 합니다.
C:\Users\user\Desktop\programming_PROJECTS\git-SJU-Subject\SJU-Subject\자료구조 HW5\자료구조 HW5\euler_testing.c(729,18): warning C4013: C:\Users\user\Desktop\programming_PROJECTS\git-SJU-Subject\SJU-Subject\자료구조 HW5\자료구조 HW5\euler_testing.c(329) : warning C4715: 'tr_queue_initQueue_byArray': 모든 제어 경로에서 값을 반환하지는 않습니다.
C:\Users\user\Desktop\programming_PROJECTS\git-SJU-Subject\SJU-Subject\자료구조 HW5\자료구조 HW5\euler_testing.c(729,18): warning C4013: C:\Users\user\Desktop\programming_PROJECTS\git-SJU-Subject\SJU-Subject\자료구조 HW5\자료구조 HW5\euler_testing.c(383) : warning C4716: 'tr_bi_size_byList': 값을 반환해야 합니다.
C:\Users\user\Desktop\programming_PROJECTS\git-SJU-Subject\SJU-Subject\자료구조 HW5\자료구조 HW5\euler_testing.c(729,18): warning C4013: C:\Users\user\Desktop\programming_PROJECTS\git-SJU-Subject\SJU-Subject\자료구조 HW5\자료구조 HW5\euler_testing.c(276) : warning C4716: 'tr_bi_binaryPreOrder_byList': 값을 반환해야 합니다.
C:\Users\user\Desktop\programming_PROJECTS\git-SJU-Subject\SJU-Subject\자료구조 HW5\자료구조 HW5\euler_testing.c(729,18): warning C4013: C:\Users\user\Desktop\programming_PROJECTS\git-SJU-Subject\SJU-Subject\자료구조 HW5\자료구조 HW5\euler_testing.c(546) : warning C4716: 'tr_nextNodeByPostorder_byList': 값을 반환해야 합니다.
C:\Users\user\Desktop\programming_PROJECTS\git-SJU-Subject\SJU-Subject\자료구조 HW5\자료구조 HW5\euler_testing.c(729,18): warning C4013: C:\Users\user\Desktop\programming_PROJECTS\git-SJU-Subject\SJU-Subject\자료구조 HW5\자료구조 HW5\euler_testing.c(507) : warning C4715: 'tr_nextNodeByPreorder_byList': 모든 제어 경로에서 값을 반환하지는 않습니다.
C:\Users\user\Desktop\programming_PROJECTS\git-SJU-Subject\SJU-Subject\자료구조 HW5\자료구조 HW5\euler_testing.c(729,18): warning C4013: C:\Users\user\Desktop\programming_PROJECTS\git-SJU-Subject\SJU-Subject\자료구조 HW5\자료구조 HW5\euler_testing.c(656) : warning C4715: 'print_tree_volume_submit1': 모든 제어 경로에서 값을 반환하지는 않습니다.
C:\Users\user\Desktop\programming_PROJECTS\git-SJU-Subject\SJU-Subject\자료구조 HW5\자료구조 HW5\euler_testing.c(729,18): warning C4013: C:\Users\user\Desktop\programming_PROJECTS\git-SJU-Subject\SJU-Subject\자료구조 HW5\자료구조 HW5\euler_testing.c(705) : warning C4716: 'print_tree_volume_submit2': 값을 반환해야 합니다.
C:\Users\user\Desktop\programming_PROJECTS\git-SJU-Subject\SJU-Subject\자료구조 HW5\자료구조 HW5\euler_testing.c(729,18): warning C4013: C:\Users\user\Desktop\programming_PROJECTS\git-SJU-Subject\SJU-Subject\자료구조 HW5\자료구조 HW5\euler_testing.c(740) : warning C4716: 'tr_bi_visitLeft': 값을 반환해야 합니다.
C:\Users\user\Desktop\programming_PROJECTS\git-SJU-Subject\SJU-Subject\자료구조 HW5\자료구조 HW5\euler_testing.c(729,18): warning C4013: C:\Users\user\Desktop\programming_PROJECTS\git-SJU-Subject\SJU-Subject\자료구조 HW5\자료구조 HW5\euler_testing.c(743) : warning C4716: 'tr_bi_visitBelow': 값을 반환해야 합니다.
  자료구조 HW5.vcxproj -> C:\Users\user\Desktop\programming_PROJECTS\git-SJU-Subject\SJU-Subject\자료구조 HW5\Debug\자료구조 HW5.exe
