  1번.c
C:\Users\user\Desktop\programming_PROJECTS\git-SJU-Subject\SJU-Subject\2-2Algorithm\6주차 과제2\6주차 과제2\1번.c(174,29): warning C4033:  'get_node'은(는) 값을 반환해야 합니다.
C:\Users\user\Desktop\programming_PROJECTS\git-SJU-Subject\SJU-Subject\2-2Algorithm\6주차 과제2\6주차 과제2\1번.c(208,29): warning C4033:  'get_doubleLinkedList'은(는) 값을 반환해야 합니다.
C:\Users\user\Desktop\programming_PROJECTS\git-SJU-Subject\SJU-Subject\2-2Algorithm\6주차 과제2\6주차 과제2\1번.c(288,29): warning C4033:  'get_doubleLinkedList_stack'은(는) 값을 반환해야 합니다.
C:\Users\user\Desktop\programming_PROJECTS\git-SJU-Subject\SJU-Subject\2-2Algorithm\6주차 과제2\6주차 과제2\1번.c(323,9): warning C4033:  'pop_doubleLinkedList_stack'은(는) 값을 반환해야 합니다.
C:\Users\user\Desktop\programming_PROJECTS\git-SJU-Subject\SJU-Subject\2-2Algorithm\6주차 과제2\6주차 과제2\1번.c(359,30): warning C4033:  'get_doubleLinkedList_queue'은(는) 값을 반환해야 합니다.
C:\Users\user\Desktop\programming_PROJECTS\git-SJU-Subject\SJU-Subject\2-2Algorithm\6주차 과제2\6주차 과제2\1번.c(394,9): warning C4033:  'dequeue_doubleLinkedList_queue'은(는) 값을 반환해야 합니다.
C:\Users\user\Desktop\programming_PROJECTS\git-SJU-Subject\SJU-Subject\2-2Algorithm\6주차 과제2\6주차 과제2\1번.c(420,30): warning C4033:  'get_doubleLinkedList_prioritiyQueue'은(는) 값을 반환해야 합니다.
C:\Users\user\Desktop\programming_PROJECTS\git-SJU-Subject\SJU-Subject\2-2Algorithm\6주차 과제2\6주차 과제2\1번.c(584,9): warning C4033:  'dequeue_doubleLinkdedList_priorityQueue'은(는) 값을 반환해야 합니다.
C:\Users\user\Desktop\programming_PROJECTS\git-SJU-Subject\SJU-Subject\2-2Algorithm\6주차 과제2\6주차 과제2\1번.c(618,8): warning C4033:  'dequeue_doubleLinkdedList_priorityQueue'은(는) 값을 반환해야 합니다.
C:\Users\user\Desktop\programming_PROJECTS\git-SJU-Subject\SJU-Subject\2-2Algorithm\6주차 과제2\6주차 과제2\1번.c(678,29): warning C4033:  'get_treenode_binarytree'은(는) 값을 반환해야 합니다.
C:\Users\user\Desktop\programming_PROJECTS\git-SJU-Subject\SJU-Subject\2-2Algorithm\6주차 과제2\6주차 과제2\1번.c(721,29): warning C4033:  'get_binarytree'은(는) 값을 반환해야 합니다.
C:\Users\user\Desktop\programming_PROJECTS\git-SJU-Subject\SJU-Subject\2-2Algorithm\6주차 과제2\6주차 과제2\1번.c(963,9): warning C4033:  'insertItem_treenode_binarytree_heap'은(는) 값을 반환해야 합니다.
C:\Users\user\Desktop\programming_PROJECTS\git-SJU-Subject\SJU-Subject\2-2Algorithm\6주차 과제2\6주차 과제2\1번.c(982,10): warning C4033:  'downHeap_treenode_binarytree_heap'은(는) 값을 반환해야 합니다.
C:\Users\user\Desktop\programming_PROJECTS\git-SJU-Subject\SJU-Subject\2-2Algorithm\6주차 과제2\6주차 과제2\1번.c(994,10): warning C4033:  'downHeap_treenode_binarytree_heap'은(는) 값을 반환해야 합니다.
C:\Users\user\Desktop\programming_PROJECTS\git-SJU-Subject\SJU-Subject\2-2Algorithm\6주차 과제2\6주차 과제2\1번.c(1010,8): warning C4033:  'downHeap_treenode_binarytree_heap'은(는) 값을 반환해야 합니다.
C:\Users\user\Desktop\programming_PROJECTS\git-SJU-Subject\SJU-Subject\2-2Algorithm\6주차 과제2\6주차 과제2\1번.c(1063,29): warning C4033:  'get_array_tree'은(는) 값을 반환해야 합니다.
C:\Users\user\Desktop\programming_PROJECTS\git-SJU-Subject\SJU-Subject\2-2Algorithm\6주차 과제2\6주차 과제2\1번.c(1068,43): warning C4033:  'get_array_tree'은(는) 값을 반환해야 합니다.
C:\Users\user\Desktop\programming_PROJECTS\git-SJU-Subject\SJU-Subject\2-2Algorithm\6주차 과제2\6주차 과제2\1번.c(1248,43): warning C4133:  '함수': 'tree_array *'과(와) 'element *' 사이의 형식이 호환되지 않습니다.
C:\Users\user\Desktop\programming_PROJECTS\git-SJU-Subject\SJU-Subject\2-2Algorithm\6주차 과제2\6주차 과제2\1번.c(1270,42): warning C4047:  '함수': 'int'의 간접 참조 수준이 'element *'과(와) 다릅니다.
C:\Users\user\Desktop\programming_PROJECTS\git-SJU-Subject\SJU-Subject\2-2Algorithm\6주차 과제2\6주차 과제2\1번.c(1270,42): warning C4024:  'isRoot_array_tree': 형식 및 실제 매개 변수 1의 형식이 서로 다릅니다.
C:\Users\user\Desktop\programming_PROJECTS\git-SJU-Subject\SJU-Subject\2-2Algorithm\6주차 과제2\6주차 과제2\1번.c(1270,42): warning C4024: C:\Users\user\Desktop\programming_PROJECTS\git-SJU-Subject\SJU-Subject\2-2Algorithm\6주차 과제2\6주차 과제2\1번.c(181) : warning C4715: 'get_node': 모든 제어 경로에서 값을 반환하지는 않습니다.
C:\Users\user\Desktop\programming_PROJECTS\git-SJU-Subject\SJU-Subject\2-2Algorithm\6주차 과제2\6주차 과제2\1번.c(1270,42): warning C4024: C:\Users\user\Desktop\programming_PROJECTS\git-SJU-Subject\SJU-Subject\2-2Algorithm\6주차 과제2\6주차 과제2\1번.c(220) : warning C4715: 'get_doubleLinkedList': 모든 제어 경로에서 값을 반환하지는 않습니다.
C:\Users\user\Desktop\programming_PROJECTS\git-SJU-Subject\SJU-Subject\2-2Algorithm\6주차 과제2\6주차 과제2\1번.c(1270,42): warning C4024: C:\Users\user\Desktop\programming_PROJECTS\git-SJU-Subject\SJU-Subject\2-2Algorithm\6주차 과제2\6주차 과제2\1번.c(343) : warning C4715: 'pop_doubleLinkedList_stack': 모든 제어 경로에서 값을 반환하지는 않습니다.
C:\Users\user\Desktop\programming_PROJECTS\git-SJU-Subject\SJU-Subject\2-2Algorithm\6주차 과제2\6주차 과제2\1번.c(1270,42): warning C4024: C:\Users\user\Desktop\programming_PROJECTS\git-SJU-Subject\SJU-Subject\2-2Algorithm\6주차 과제2\6주차 과제2\1번.c(294) : warning C4715: 'get_doubleLinkedList_stack': 모든 제어 경로에서 값을 반환하지는 않습니다.
C:\Users\user\Desktop\programming_PROJECTS\git-SJU-Subject\SJU-Subject\2-2Algorithm\6주차 과제2\6주차 과제2\1번.c(1270,42): warning C4024: C:\Users\user\Desktop\programming_PROJECTS\git-SJU-Subject\SJU-Subject\2-2Algorithm\6주차 과제2\6주차 과제2\1번.c(402) : warning C4715: 'dequeue_doubleLinkedList_queue': 모든 제어 경로에서 값을 반환하지는 않습니다.
C:\Users\user\Desktop\programming_PROJECTS\git-SJU-Subject\SJU-Subject\2-2Algorithm\6주차 과제2\6주차 과제2\1번.c(1270,42): warning C4024: C:\Users\user\Desktop\programming_PROJECTS\git-SJU-Subject\SJU-Subject\2-2Algorithm\6주차 과제2\6주차 과제2\1번.c(436) : warning C4715: 'get_doubleLinkedList_prioritiyQueue': 모든 제어 경로에서 값을 반환하지는 않습니다.
C:\Users\user\Desktop\programming_PROJECTS\git-SJU-Subject\SJU-Subject\2-2Algorithm\6주차 과제2\6주차 과제2\1번.c(1270,42): warning C4024: C:\Users\user\Desktop\programming_PROJECTS\git-SJU-Subject\SJU-Subject\2-2Algorithm\6주차 과제2\6주차 과제2\1번.c(365) : warning C4716: 'get_doubleLinkedList_queue': 값을 반환해야 합니다.
C:\Users\user\Desktop\programming_PROJECTS\git-SJU-Subject\SJU-Subject\2-2Algorithm\6주차 과제2\6주차 과제2\1번.c(1270,42): warning C4024: C:\Users\user\Desktop\programming_PROJECTS\git-SJU-Subject\SJU-Subject\2-2Algorithm\6주차 과제2\6주차 과제2\1번.c(619) : warning C4715: 'dequeue_doubleLinkdedList_priorityQueue': 모든 제어 경로에서 값을 반환하지는 않습니다.
C:\Users\user\Desktop\programming_PROJECTS\git-SJU-Subject\SJU-Subject\2-2Algorithm\6주차 과제2\6주차 과제2\1번.c(1270,42): warning C4024: C:\Users\user\Desktop\programming_PROJECTS\git-SJU-Subject\SJU-Subject\2-2Algorithm\6주차 과제2\6주차 과제2\1번.c(692) : warning C4715: 'get_treenode_binarytree': 모든 제어 경로에서 값을 반환하지는 않습니다.
C:\Users\user\Desktop\programming_PROJECTS\git-SJU-Subject\SJU-Subject\2-2Algorithm\6주차 과제2\6주차 과제2\1번.c(1270,42): warning C4024: C:\Users\user\Desktop\programming_PROJECTS\git-SJU-Subject\SJU-Subject\2-2Algorithm\6주차 과제2\6주차 과제2\1번.c(733) : warning C4715: 'get_binarytree': 모든 제어 경로에서 값을 반환하지는 않습니다.
C:\Users\user\Desktop\programming_PROJECTS\git-SJU-Subject\SJU-Subject\2-2Algorithm\6주차 과제2\6주차 과제2\1번.c(1270,42): warning C4024: C:\Users\user\Desktop\programming_PROJECTS\git-SJU-Subject\SJU-Subject\2-2Algorithm\6주차 과제2\6주차 과제2\1번.c(752) : warning C4716: 'postOrder_treenode_binarytree': 값을 반환해야 합니다.
C:\Users\user\Desktop\programming_PROJECTS\git-SJU-Subject\SJU-Subject\2-2Algorithm\6주차 과제2\6주차 과제2\1번.c(1270,42): warning C4024: C:\Users\user\Desktop\programming_PROJECTS\git-SJU-Subject\SJU-Subject\2-2Algorithm\6주차 과제2\6주차 과제2\1번.c(772) : warning C4716: 'inOrder_treenode_binarytree': 값을 반환해야 합니다.
C:\Users\user\Desktop\programming_PROJECTS\git-SJU-Subject\SJU-Subject\2-2Algorithm\6주차 과제2\6주차 과제2\1번.c(1270,42): warning C4024: C:\Users\user\Desktop\programming_PROJECTS\git-SJU-Subject\SJU-Subject\2-2Algorithm\6주차 과제2\6주차 과제2\1번.c(817) : warning C4716: 'levelOrder_treenode_binarytree': 값을 반환해야 합니다.
C:\Users\user\Desktop\programming_PROJECTS\git-SJU-Subject\SJU-Subject\2-2Algorithm\6주차 과제2\6주차 과제2\1번.c(1270,42): warning C4024: C:\Users\user\Desktop\programming_PROJECTS\git-SJU-Subject\SJU-Subject\2-2Algorithm\6주차 과제2\6주차 과제2\1번.c(974) : warning C4715: 'insertItem_treenode_binarytree_heap': 모든 제어 경로에서 값을 반환하지는 않습니다.
C:\Users\user\Desktop\programming_PROJECTS\git-SJU-Subject\SJU-Subject\2-2Algorithm\6주차 과제2\6주차 과제2\1번.c(1270,42): warning C4024: C:\Users\user\Desktop\programming_PROJECTS\git-SJU-Subject\SJU-Subject\2-2Algorithm\6주차 과제2\6주차 과제2\1번.c(1012) : warning C4716: 'downHeap_treenode_binarytree_heap': 값을 반환해야 합니다.
C:\Users\user\Desktop\programming_PROJECTS\git-SJU-Subject\SJU-Subject\2-2Algorithm\6주차 과제2\6주차 과제2\1번.c(1270,42): warning C4024: C:\Users\user\Desktop\programming_PROJECTS\git-SJU-Subject\SJU-Subject\2-2Algorithm\6주차 과제2\6주차 과제2\1번.c(1078) : warning C4715: 'get_array_tree': 모든 제어 경로에서 값을 반환하지는 않습니다.
  6주차 과제2.vcxproj -> C:\Users\user\Desktop\programming_PROJECTS\git-SJU-Subject\SJU-Subject\2-2Algorithm\6주차 과제2\Debug\6주차 과제2.exe
