  자료구조 HW3 1번.c
C:\Users\user\Desktop\programming_PROJECTS\git-SJU-Subject\SJU-Subject\자료구조 HW3,4\자료구조 HW3,4\자료구조 HW3 1번.c(136,9): warning C4033:  'setElement'은(는) 값을 반환해야 합니다.
C:\Users\user\Desktop\programming_PROJECTS\git-SJU-Subject\SJU-Subject\자료구조 HW3,4\자료구조 HW3,4\자료구조 HW3 1번.c(159,9): warning C4033:  'initList'은(는) 값을 반환해야 합니다.
C:\Users\user\Desktop\programming_PROJECTS\git-SJU-Subject\SJU-Subject\자료구조 HW3,4\자료구조 HW3,4\자료구조 HW3 1번.c(204,9): warning C4033:  'getNewNode'은(는) 값을 반환해야 합니다.
C:\Users\user\Desktop\programming_PROJECTS\git-SJU-Subject\SJU-Subject\자료구조 HW3,4\자료구조 HW3,4\자료구조 HW3 1번.c(210,9): warning C4033:  'getNewNode'은(는) 값을 반환해야 합니다.
C:\Users\user\Desktop\programming_PROJECTS\git-SJU-Subject\SJU-Subject\자료구조 HW3,4\자료구조 HW3,4\자료구조 HW3 1번.c(224,9): warning C4033:  'removeNode'은(는) 값을 반환해야 합니다.
C:\Users\user\Desktop\programming_PROJECTS\git-SJU-Subject\SJU-Subject\자료구조 HW3,4\자료구조 HW3,4\자료구조 HW3 1번.c(311,9): warning C4033:  'addNode'은(는) 값을 반환해야 합니다.
C:\Users\user\Desktop\programming_PROJECTS\git-SJU-Subject\SJU-Subject\자료구조 HW3,4\자료구조 HW3,4\자료구조 HW3 1번.c(437,9): warning C4033:  'initQue_linkedlist'은(는) 값을 반환해야 합니다.
C:\Users\user\Desktop\programming_PROJECTS\git-SJU-Subject\SJU-Subject\자료구조 HW3,4\자료구조 HW3,4\자료구조 HW3 1번.c(444,9): warning C4033:  'initQue_linkedlist'은(는) 값을 반환해야 합니다.
C:\Users\user\Desktop\programming_PROJECTS\git-SJU-Subject\SJU-Subject\자료구조 HW3,4\자료구조 HW3,4\자료구조 HW3 1번.c(474,9): warning C4033:  'dequeue_linkedlist'은(는) 값을 반환해야 합니다.
C:\Users\user\Desktop\programming_PROJECTS\git-SJU-Subject\SJU-Subject\자료구조 HW3,4\자료구조 HW3,4\자료구조 HW3 1번.c(494,9): warning C4033:  'queFront_linkedlist'은(는) 값을 반환해야 합니다.
C:\Users\user\Desktop\programming_PROJECTS\git-SJU-Subject\SJU-Subject\자료구조 HW3,4\자료구조 HW3,4\자료구조 HW3 1번.c(558,9): warning C4033:  'deque_delete_Rear'은(는) 값을 반환해야 합니다.
C:\Users\user\Desktop\programming_PROJECTS\git-SJU-Subject\SJU-Subject\자료구조 HW3,4\자료구조 HW3,4\자료구조 HW3 1번.c(612,9): warning C4033:  'initStack_linkedlist'은(는) 값을 반환해야 합니다.
C:\Users\user\Desktop\programming_PROJECTS\git-SJU-Subject\SJU-Subject\자료구조 HW3,4\자료구조 HW3,4\자료구조 HW3 1번.c(624,9): warning C4033:  'stack_Pop_linkedlist'은(는) 값을 반환해야 합니다.
C:\Users\user\Desktop\programming_PROJECTS\git-SJU-Subject\SJU-Subject\자료구조 HW3,4\자료구조 HW3,4\자료구조 HW3 1번.c(684,9): warning C4033:  'queue_InitQue_stack'은(는) 값을 반환해야 합니다.
C:\Users\user\Desktop\programming_PROJECTS\git-SJU-Subject\SJU-Subject\자료구조 HW3,4\자료구조 HW3,4\자료구조 HW3 1번.c(708,44): warning C4133:  '함수': 'st_li *'과(와) 'que_li *' 사이의 형식이 호환되지 않습니다.
C:\Users\user\Desktop\programming_PROJECTS\git-SJU-Subject\SJU-Subject\자료구조 HW3,4\자료구조 HW3,4\자료구조 HW3 1번.c(750,9): warning C4033:  'stack_InitStack_queue'은(는) 값을 반환해야 합니다.
C:\Users\user\Desktop\programming_PROJECTS\git-SJU-Subject\SJU-Subject\자료구조 HW3,4\자료구조 HW3,4\자료구조 HW3 1번.c(773,49): warning C4133:  '함수': 'que_li *'과(와) 'st_li *' 사이의 형식이 호환되지 않습니다.
C:\Users\user\Desktop\programming_PROJECTS\git-SJU-Subject\SJU-Subject\자료구조 HW3,4\자료구조 HW3,4\자료구조 HW3 1번.c(785,49): warning C4133:  '함수': 'que_li *'과(와) 'st_li *' 사이의 형식이 호환되지 않습니다.
C:\Users\user\Desktop\programming_PROJECTS\git-SJU-Subject\SJU-Subject\자료구조 HW3,4\자료구조 HW3,4\자료구조 HW3 1번.c(792,10): warning C4033:  'stack_Top_queue'은(는) 값을 반환해야 합니다.
C:\Users\user\Desktop\programming_PROJECTS\git-SJU-Subject\SJU-Subject\자료구조 HW3,4\자료구조 HW3,4\자료구조 HW3 1번.c(826,27): warning C4133:  '=': 'que_li *'과(와) 'que_st *' 사이의 형식이 호환되지 않습니다.
C:\Users\user\Desktop\programming_PROJECTS\git-SJU-Subject\SJU-Subject\자료구조 HW3,4\자료구조 HW3,4\자료구조 HW3 1번.c(828,26): warning C4133:  '=': 'que_st *'과(와) 'que_li *' 사이의 형식이 호환되지 않습니다.
C:\Users\user\Desktop\programming_PROJECTS\git-SJU-Subject\SJU-Subject\자료구조 HW3,4\자료구조 HW3,4\자료구조 HW3 1번.c(861,9): warning C4033:  'initStack_array'은(는) 값을 반환해야 합니다.
C:\Users\user\Desktop\programming_PROJECTS\git-SJU-Subject\SJU-Subject\자료구조 HW3,4\자료구조 HW3,4\자료구조 HW3 1번.c(882,9): warning C4033:  'stack_Top_array'은(는) 값을 반환해야 합니다.
C:\Users\user\Desktop\programming_PROJECTS\git-SJU-Subject\SJU-Subject\자료구조 HW3,4\자료구조 HW3,4\자료구조 HW3 1번.c(901,9): warning C4033:  'stack_Pop_array'은(는) 값을 반환해야 합니다.
C:\Users\user\Desktop\programming_PROJECTS\git-SJU-Subject\SJU-Subject\자료구조 HW3,4\자료구조 HW3,4\자료구조 HW3 1번.c(933,90): warning C4029:  선언된 정식 매개 변수 목록이 정의와 다릅니다.
C:\Users\user\Desktop\programming_PROJECTS\git-SJU-Subject\SJU-Subject\자료구조 HW3,4\자료구조 HW3,4\자료구조 HW3 1번.c(933,90): warning C4029: C:\Users\user\Desktop\programming_PROJECTS\git-SJU-Subject\SJU-Subject\자료구조 HW3,4\자료구조 HW3,4\자료구조 HW3 1번.c(142) : warning C4715: 'setElement': 모든 제어 경로에서 값을 반환하지는 않습니다.
C:\Users\user\Desktop\programming_PROJECTS\git-SJU-Subject\SJU-Subject\자료구조 HW3,4\자료구조 HW3,4\자료구조 HW3 1번.c(933,90): warning C4029: C:\Users\user\Desktop\programming_PROJECTS\git-SJU-Subject\SJU-Subject\자료구조 HW3,4\자료구조 HW3,4\자료구조 HW3 1번.c(188) : warning C4715: 'initList': 모든 제어 경로에서 값을 반환하지는 않습니다.
C:\Users\user\Desktop\programming_PROJECTS\git-SJU-Subject\SJU-Subject\자료구조 HW3,4\자료구조 HW3,4\자료구조 HW3 1번.c(933,90): warning C4029: C:\Users\user\Desktop\programming_PROJECTS\git-SJU-Subject\SJU-Subject\자료구조 HW3,4\자료구조 HW3,4\자료구조 HW3 1번.c(217) : warning C4715: 'getNewNode': 모든 제어 경로에서 값을 반환하지는 않습니다.
C:\Users\user\Desktop\programming_PROJECTS\git-SJU-Subject\SJU-Subject\자료구조 HW3,4\자료구조 HW3,4\자료구조 HW3 1번.c(933,90): warning C4029: C:\Users\user\Desktop\programming_PROJECTS\git-SJU-Subject\SJU-Subject\자료구조 HW3,4\자료구조 HW3,4\자료구조 HW3 1번.c(244) : warning C4715: 'removeNode': 모든 제어 경로에서 값을 반환하지는 않습니다.
C:\Users\user\Desktop\programming_PROJECTS\git-SJU-Subject\SJU-Subject\자료구조 HW3,4\자료구조 HW3,4\자료구조 HW3 1번.c(933,90): warning C4029: C:\Users\user\Desktop\programming_PROJECTS\git-SJU-Subject\SJU-Subject\자료구조 HW3,4\자료구조 HW3,4\자료구조 HW3 1번.c(349) : warning C4715: 'addNode': 모든 제어 경로에서 값을 반환하지는 않습니다.
C:\Users\user\Desktop\programming_PROJECTS\git-SJU-Subject\SJU-Subject\자료구조 HW3,4\자료구조 HW3,4\자료구조 HW3 1번.c(933,90): warning C4029: C:\Users\user\Desktop\programming_PROJECTS\git-SJU-Subject\SJU-Subject\자료구조 HW3,4\자료구조 HW3,4\자료구조 HW3 1번.c(453) : warning C4715: 'initQue_linkedlist': 모든 제어 경로에서 값을 반환하지는 않습니다.
C:\Users\user\Desktop\programming_PROJECTS\git-SJU-Subject\SJU-Subject\자료구조 HW3,4\자료구조 HW3,4\자료구조 HW3 1번.c(933,90): warning C4029: C:\Users\user\Desktop\programming_PROJECTS\git-SJU-Subject\SJU-Subject\자료구조 HW3,4\자료구조 HW3,4\자료구조 HW3 1번.c(489) : warning C4715: 'dequeue_linkedlist': 모든 제어 경로에서 값을 반환하지는 않습니다.
C:\Users\user\Desktop\programming_PROJECTS\git-SJU-Subject\SJU-Subject\자료구조 HW3,4\자료구조 HW3,4\자료구조 HW3 1번.c(933,90): warning C4029: C:\Users\user\Desktop\programming_PROJECTS\git-SJU-Subject\SJU-Subject\자료구조 HW3,4\자료구조 HW3,4\자료구조 HW3 1번.c(497) : warning C4715: 'queFront_linkedlist': 모든 제어 경로에서 값을 반환하지는 않습니다.
C:\Users\user\Desktop\programming_PROJECTS\git-SJU-Subject\SJU-Subject\자료구조 HW3,4\자료구조 HW3,4\자료구조 HW3 1번.c(933,90): warning C4029: C:\Users\user\Desktop\programming_PROJECTS\git-SJU-Subject\SJU-Subject\자료구조 HW3,4\자료구조 HW3,4\자료구조 HW3 1번.c(570) : warning C4715: 'deque_delete_Rear': 모든 제어 경로에서 값을 반환하지는 않습니다.
C:\Users\user\Desktop\programming_PROJECTS\git-SJU-Subject\SJU-Subject\자료구조 HW3,4\자료구조 HW3,4\자료구조 HW3 1번.c(933,90): warning C4029: C:\Users\user\Desktop\programming_PROJECTS\git-SJU-Subject\SJU-Subject\자료구조 HW3,4\자료구조 HW3,4\자료구조 HW3 1번.c(637) : warning C4715: 'stack_Pop_linkedlist': 모든 제어 경로에서 값을 반환하지는 않습니다.
C:\Users\user\Desktop\programming_PROJECTS\git-SJU-Subject\SJU-Subject\자료구조 HW3,4\자료구조 HW3,4\자료구조 HW3 1번.c(933,90): warning C4029: C:\Users\user\Desktop\programming_PROJECTS\git-SJU-Subject\SJU-Subject\자료구조 HW3,4\자료구조 HW3,4\자료구조 HW3 1번.c(619) : warning C4715: 'initStack_linkedlist': 모든 제어 경로에서 값을 반환하지는 않습니다.
C:\Users\user\Desktop\programming_PROJECTS\git-SJU-Subject\SJU-Subject\자료구조 HW3,4\자료구조 HW3,4\자료구조 HW3 1번.c(933,90): warning C4029: C:\Users\user\Desktop\programming_PROJECTS\git-SJU-Subject\SJU-Subject\자료구조 HW3,4\자료구조 HW3,4\자료구조 HW3 1번.c(692) : warning C4715: 'queue_InitQue_stack': 모든 제어 경로에서 값을 반환하지는 않습니다.
C:\Users\user\Desktop\programming_PROJECTS\git-SJU-Subject\SJU-Subject\자료구조 HW3,4\자료구조 HW3,4\자료구조 HW3 1번.c(933,90): warning C4029: C:\Users\user\Desktop\programming_PROJECTS\git-SJU-Subject\SJU-Subject\자료구조 HW3,4\자료구조 HW3,4\자료구조 HW3 1번.c(758) : warning C4715: 'stack_InitStack_queue': 모든 제어 경로에서 값을 반환하지는 않습니다.
C:\Users\user\Desktop\programming_PROJECTS\git-SJU-Subject\SJU-Subject\자료구조 HW3,4\자료구조 HW3,4\자료구조 HW3 1번.c(933,90): warning C4029: C:\Users\user\Desktop\programming_PROJECTS\git-SJU-Subject\SJU-Subject\자료구조 HW3,4\자료구조 HW3,4\자료구조 HW3 1번.c(804) : warning C4715: 'stack_Top_queue': 모든 제어 경로에서 값을 반환하지는 않습니다.
C:\Users\user\Desktop\programming_PROJECTS\git-SJU-Subject\SJU-Subject\자료구조 HW3,4\자료구조 HW3,4\자료구조 HW3 1번.c(933,90): warning C4029: C:\Users\user\Desktop\programming_PROJECTS\git-SJU-Subject\SJU-Subject\자료구조 HW3,4\자료구조 HW3,4\자료구조 HW3 1번.c(874) : warning C4715: 'initStack_array': 모든 제어 경로에서 값을 반환하지는 않습니다.
C:\Users\user\Desktop\programming_PROJECTS\git-SJU-Subject\SJU-Subject\자료구조 HW3,4\자료구조 HW3,4\자료구조 HW3 1번.c(933,90): warning C4029: C:\Users\user\Desktop\programming_PROJECTS\git-SJU-Subject\SJU-Subject\자료구조 HW3,4\자료구조 HW3,4\자료구조 HW3 1번.c(886) : warning C4715: 'stack_Top_array': 모든 제어 경로에서 값을 반환하지는 않습니다.
C:\Users\user\Desktop\programming_PROJECTS\git-SJU-Subject\SJU-Subject\자료구조 HW3,4\자료구조 HW3,4\자료구조 HW3 1번.c(933,90): warning C4029: C:\Users\user\Desktop\programming_PROJECTS\git-SJU-Subject\SJU-Subject\자료구조 HW3,4\자료구조 HW3,4\자료구조 HW3 1번.c(905) : warning C4715: 'stack_Pop_array': 모든 제어 경로에서 값을 반환하지는 않습니다.
  자료구조 HW3,4.vcxproj -> C:\Users\user\Desktop\programming_PROJECTS\git-SJU-Subject\SJU-Subject\자료구조 HW3,4\Debug\자료구조 HW3,4.exe
