  linear_algebra.c
C:\Users\user\Desktop\programming_PROJECTS\git-SJU-Subject\SJU-Subject\2-2LinearAlgebraAndProgramming\chapter4\chapter4\linear_algebra.c(24,24): warning C4033:  'newMatrix_square'은(는) 값을 반환해야 합니다.
C:\Users\user\Desktop\programming_PROJECTS\git-SJU-Subject\SJU-Subject\2-2LinearAlgebraAndProgramming\chapter4\chapter4\linear_algebra.c(43,28): warning C4033:  'newMatrix_square'은(는) 값을 반환해야 합니다.
C:\Users\user\Desktop\programming_PROJECTS\git-SJU-Subject\SJU-Subject\2-2LinearAlgebraAndProgramming\chapter4\chapter4\linear_algebra.c(46,29): warning C4033:  'newMatrix_square'은(는) 값을 반환해야 합니다.
C:\Users\user\Desktop\programming_PROJECTS\git-SJU-Subject\SJU-Subject\2-2LinearAlgebraAndProgramming\chapter4\chapter4\linear_algebra.c(55,28): warning C4033:  'newMatrix_square'은(는) 값을 반환해야 합니다.
C:\Users\user\Desktop\programming_PROJECTS\git-SJU-Subject\SJU-Subject\2-2LinearAlgebraAndProgramming\chapter4\chapter4\linear_algebra.c(58,29): warning C4033:  'newMatrix_square'은(는) 값을 반환해야 합니다.
C:\Users\user\Desktop\programming_PROJECTS\git-SJU-Subject\SJU-Subject\2-2LinearAlgebraAndProgramming\chapter4\chapter4\linear_algebra.c(68,28): warning C4033:  'newMatrix_square'은(는) 값을 반환해야 합니다.
C:\Users\user\Desktop\programming_PROJECTS\git-SJU-Subject\SJU-Subject\2-2LinearAlgebraAndProgramming\chapter4\chapter4\linear_algebra.c(71,29): warning C4033:  'newMatrix_square'은(는) 값을 반환해야 합니다.
C:\Users\user\Desktop\programming_PROJECTS\git-SJU-Subject\SJU-Subject\2-2LinearAlgebraAndProgramming\chapter4\chapter4\linear_algebra.c(262,13): warning C4033:  'select_square'은(는) 값을 반환해야 합니다.
C:\Users\user\Desktop\programming_PROJECTS\git-SJU-Subject\SJU-Subject\2-2LinearAlgebraAndProgramming\chapter4\chapter4\linear_algebra.c(304,9): warning C4101:  'j' :참조되지 않은 지역 변수입니다.
C:\Users\user\Desktop\programming_PROJECTS\git-SJU-Subject\SJU-Subject\2-2LinearAlgebraAndProgramming\chapter4\chapter4\linear_algebra.c(371,32): warning C4244:  '=': 'double'에서 'float'(으)로 변환하면서 데이터가 손실될 수 있습니다.
C:\Users\user\Desktop\programming_PROJECTS\git-SJU-Subject\SJU-Subject\2-2LinearAlgebraAndProgramming\chapter4\chapter4\linear_algebra.c(360,9): warning C4101:  'j' :참조되지 않은 지역 변수입니다.
C:\Users\user\Desktop\programming_PROJECTS\git-SJU-Subject\SJU-Subject\2-2LinearAlgebraAndProgramming\chapter4\chapter4\linear_algebra.c(457,9): warning C4033:  'transposeMatrix_square'은(는) 값을 반환해야 합니다.
C:\Users\user\Desktop\programming_PROJECTS\git-SJU-Subject\SJU-Subject\2-2LinearAlgebraAndProgramming\chapter4\chapter4\linear_algebra.c(416,7): warning C4101:  'tmp' :참조되지 않은 지역 변수입니다.
C:\Users\user\Desktop\programming_PROJECTS\git-SJU-Subject\SJU-Subject\2-2LinearAlgebraAndProgramming\chapter4\chapter4\linear_algebra.c(429,9): warning C4101:  'tmp' :참조되지 않은 지역 변수입니다.
C:\Users\user\Desktop\programming_PROJECTS\git-SJU-Subject\SJU-Subject\2-2LinearAlgebraAndProgramming\chapter4\chapter4\linear_algebra.c(443,10): warning C4101:  'tmp' :참조되지 않은 지역 변수입니다.
C:\Users\user\Desktop\programming_PROJECTS\git-SJU-Subject\SJU-Subject\2-2LinearAlgebraAndProgramming\chapter4\chapter4\linear_algebra.c(511,9): warning C4033:  'inverseMatrix_square_double'은(는) 값을 반환해야 합니다.
C:\Users\user\Desktop\programming_PROJECTS\git-SJU-Subject\SJU-Subject\2-2LinearAlgebraAndProgramming\chapter4\chapter4\linear_algebra.c(526,6): warning C4101:  'result1' :참조되지 않은 지역 변수입니다.
C:\Users\user\Desktop\programming_PROJECTS\git-SJU-Subject\SJU-Subject\2-2LinearAlgebraAndProgramming\chapter4\chapter4\linear_algebra.c(565,10): warning C4101:  'printmat' :참조되지 않은 지역 변수입니다.
C:\Users\user\Desktop\programming_PROJECTS\git-SJU-Subject\SJU-Subject\2-2LinearAlgebraAndProgramming\chapter4\chapter4\linear_algebra.c(528,8): warning C4101:  'result3' :참조되지 않은 지역 변수입니다.
C:\Users\user\Desktop\programming_PROJECTS\git-SJU-Subject\SJU-Subject\2-2LinearAlgebraAndProgramming\chapter4\chapter4\linear_algebra.c(527,9): warning C4101:  'result2' :참조되지 않은 지역 변수입니다.
C:\Users\user\Desktop\programming_PROJECTS\git-SJU-Subject\SJU-Subject\2-2LinearAlgebraAndProgramming\chapter4\chapter4\linear_algebra.c(527,9): warning C4101: C:\Users\user\Desktop\programming_PROJECTS\git-SJU-Subject\SJU-Subject\2-2LinearAlgebraAndProgramming\chapter4\chapter4\linear_algebra.c(79) : warning C4715: 'newMatrix_square': 모든 제어 경로에서 값을 반환하지는 않습니다.
C:\Users\user\Desktop\programming_PROJECTS\git-SJU-Subject\SJU-Subject\2-2LinearAlgebraAndProgramming\chapter4\chapter4\linear_algebra.c(527,9): warning C4101: C:\Users\user\Desktop\programming_PROJECTS\git-SJU-Subject\SJU-Subject\2-2LinearAlgebraAndProgramming\chapter4\chapter4\linear_algebra.c(464) : warning C4715: 'transposeMatrix_square': 모든 제어 경로에서 값을 반환하지는 않습니다.
C:\Users\user\Desktop\programming_PROJECTS\git-SJU-Subject\SJU-Subject\2-2LinearAlgebraAndProgramming\chapter4\chapter4\linear_algebra.c(527,9): warning C4101: C:\Users\user\Desktop\programming_PROJECTS\git-SJU-Subject\SJU-Subject\2-2LinearAlgebraAndProgramming\chapter4\chapter4\linear_algebra.c(287) : warning C4715: 'select_square': 모든 제어 경로에서 값을 반환하지는 않습니다.
C:\Users\user\Desktop\programming_PROJECTS\git-SJU-Subject\SJU-Subject\2-2LinearAlgebraAndProgramming\chapter4\chapter4\linear_algebra.c(527,9): warning C4101: C:\Users\user\Desktop\programming_PROJECTS\git-SJU-Subject\SJU-Subject\2-2LinearAlgebraAndProgramming\chapter4\chapter4\linear_algebra.c(519) : warning C4715: 'inverseMatrix_square_double': 모든 제어 경로에서 값을 반환하지는 않습니다.
  chapter4.vcxproj -> C:\Users\user\Desktop\programming_PROJECTS\git-SJU-Subject\SJU-Subject\2-2LinearAlgebraAndProgramming\chapter4\Debug\chapter4.exe
