  소스.c
C:\Users\user\Desktop\programming_PROJECTS\git-SJU-Subject\SJU-Subject\2-2Algorithm\중간고사 준비\중간고사 준비\소스.c(21,29): warning C4033: 'getNode'은(는) 값을 반환해야 합니다.
C:\Users\user\Desktop\programming_PROJECTS\git-SJU-Subject\SJU-Subject\2-2Algorithm\중간고사 준비\중간고사 준비\소스.c(46,29): warning C4033: 'getLinkedList'은(는) 값을 반환해야 합니다.
C:\Users\user\Desktop\programming_PROJECTS\git-SJU-Subject\SJU-Subject\2-2Algorithm\중간고사 준비\중간고사 준비\소스.c(94,10): warning C4033: 'select_nIndex_node'은(는) 값을 반환해야 합니다.
C:\Users\user\Desktop\programming_PROJECTS\git-SJU-Subject\SJU-Subject\2-2Algorithm\중간고사 준비\중간고사 준비\소스.c(147,6): warning C4101: 'changable' :참조되지 않은 지역 변수입니다.
C:\Users\user\Desktop\programming_PROJECTS\git-SJU-Subject\SJU-Subject\2-2Algorithm\중간고사 준비\중간고사 준비\소스.c(222,31): warning C4013: 'removeFirst'이(가) 정의되지 않았습니다. extern은 int형을 반환하는 것으로 간주합니다.
C:\Users\user\Desktop\programming_PROJECTS\git-SJU-Subject\SJU-Subject\2-2Algorithm\중간고사 준비\중간고사 준비\소스.c(230,9): warning C4033: 'removeFirst'은(는) 값을 반환해야 합니다.
C:\Users\user\Desktop\programming_PROJECTS\git-SJU-Subject\SJU-Subject\2-2Algorithm\중간고사 준비\중간고사 준비\소스.c(264,27): warning C4033: 'partition'은(는) 값을 반환해야 합니다.
C:\Users\user\Desktop\programming_PROJECTS\git-SJU-Subject\SJU-Subject\2-2Algorithm\중간고사 준비\중간고사 준비\소스.c(268,29): warning C4033: 'partition'은(는) 값을 반환해야 합니다.
C:\Users\user\Desktop\programming_PROJECTS\git-SJU-Subject\SJU-Subject\2-2Algorithm\중간고사 준비\중간고사 준비\소스.c(269,29): warning C4033: 'partition'은(는) 값을 반환해야 합니다.
C:\Users\user\Desktop\programming_PROJECTS\git-SJU-Subject\SJU-Subject\2-2Algorithm\중간고사 준비\중간고사 준비\소스.c(355,28): warning C4033: 'newNode'은(는) 값을 반환해야 합니다.
C:\Users\user\Desktop\programming_PROJECTS\git-SJU-Subject\SJU-Subject\2-2Algorithm\중간고사 준비\중간고사 준비\소스.c(367,9): warning C4033: 'sibling'은(는) 값을 반환해야 합니다.
C:\Users\user\Desktop\programming_PROJECTS\git-SJU-Subject\SJU-Subject\2-2Algorithm\중간고사 준비\중간고사 준비\소스.c(429,12): warning C4033: 'inOrderSuccessor'은(는) 값을 반환해야 합니다.
C:\Users\user\Desktop\programming_PROJECTS\git-SJU-Subject\SJU-Subject\2-2Algorithm\중간고사 준비\중간고사 준비\소스.c(603,32): warning C4133: '함수': 'int [100]'과(와) 'node_tr *' 사이의 형식이 호환되지 않습니다.
C:\Users\user\Desktop\programming_PROJECTS\git-SJU-Subject\SJU-Subject\2-2Algorithm\중간고사 준비\중간고사 준비\소스.c(26): warning C4715: 'getNode': 모든 제어 경로에서 값을 반환하지는 않습니다.
C:\Users\user\Desktop\programming_PROJECTS\git-SJU-Subject\SJU-Subject\2-2Algorithm\중간고사 준비\중간고사 준비\소스.c(56): warning C4715: 'getLinkedList': 모든 제어 경로에서 값을 반환하지는 않습니다.
C:\Users\user\Desktop\programming_PROJECTS\git-SJU-Subject\SJU-Subject\2-2Algorithm\중간고사 준비\중간고사 준비\소스.c(240): warning C4715: 'removeFirst': 모든 제어 경로에서 값을 반환하지는 않습니다.
C:\Users\user\Desktop\programming_PROJECTS\git-SJU-Subject\SJU-Subject\2-2Algorithm\중간고사 준비\중간고사 준비\소스.c(101): warning C4715: 'select_nIndex_node': 모든 제어 경로에서 값을 반환하지는 않습니다.
C:\Users\user\Desktop\programming_PROJECTS\git-SJU-Subject\SJU-Subject\2-2Algorithm\중간고사 준비\중간고사 준비\소스.c(281): warning C4715: 'partition': 모든 제어 경로에서 값을 반환하지는 않습니다.
C:\Users\user\Desktop\programming_PROJECTS\git-SJU-Subject\SJU-Subject\2-2Algorithm\중간고사 준비\중간고사 준비\소스.c(363): warning C4715: 'newNode': 모든 제어 경로에서 값을 반환하지는 않습니다.
C:\Users\user\Desktop\programming_PROJECTS\git-SJU-Subject\SJU-Subject\2-2Algorithm\중간고사 준비\중간고사 준비\소스.c(377): warning C4715: 'sibling': 모든 제어 경로에서 값을 반환하지는 않습니다.
C:\Users\user\Desktop\programming_PROJECTS\git-SJU-Subject\SJU-Subject\2-2Algorithm\중간고사 준비\중간고사 준비\소스.c(439): warning C4715: 'inOrderSuccessor': 모든 제어 경로에서 값을 반환하지는 않습니다.
C:\Users\user\Desktop\programming_PROJECTS\git-SJU-Subject\SJU-Subject\2-2Algorithm\중간고사 준비\중간고사 준비\소스.c(325): warning C4715: 'binarySearch': 모든 제어 경로에서 값을 반환하지는 않습니다.
  중간고사 준비.vcxproj -> C:\Users\user\Desktop\programming_PROJECTS\git-SJU-Subject\SJU-Subject\2-2Algorithm\중간고사 준비\Debug\중간고사 준비.exe
